<?xml version="1.0" encoding="UTF-8"?>
<testng-results ignored="0" total="1" passed="1" failed="0" skipped="0">
  <reporter-output>
  </reporter-output>
  <suite started-at="2024-02-06T21:48:51 IST" name="Default suite" finished-at="2024-02-06T21:49:01 IST" duration-ms="10110">
    <groups>
    </groups>
    <test started-at="2024-02-06T21:48:51 IST" name="Default test" finished-at="2024-02-06T21:49:01 IST" duration-ms="10110">
      <class name="E2EEcommerce">
        <test-method signature="login()[pri:0, instance:E2EEcommerce@6fd83fc1]" started-at="2024-02-06T21:48:51 IST" name="login" finished-at="2024-02-06T21:49:01 IST" duration-ms="10046" status="PASS">
          <reporter-output>
          </reporter-output>
        </test-method> <!-- login -->
      </class> <!-- E2EEcommerce -->
    </test> <!-- Default test -->
  </suite> <!-- Default suite -->
</testng-results>
